\BOOKMARK [1][-]{section.1}{The Call}{}% 1
\BOOKMARK [1][-]{section.2}{Project Plan}{}% 2
\BOOKMARK [2][-]{subsection.2.1}{Workplan}{section.2}% 3
\BOOKMARK [2][-]{subsection.2.2}{Tasks}{section.2}% 4
\BOOKMARK [3][-]{subsubsection.2.2.1}{Task 1: Stock prioritisation \(Laurie\)}{subsection.2.2}% 5
\BOOKMARK [3][-]{subsubsection.2.2.2}{Task 2: Data collation \(Laurie\)}{subsection.2.2}% 6
\BOOKMARK [3][-]{subsubsection.2.2.3}{Task 3: Framework Development \(Laurie\)}{subsection.2.2}% 7
\BOOKMARK [3][-]{subsubsection.2.2.4}{Task 4: Method Performance Appraisal \(Laurie\)}{subsection.2.2}% 8
\BOOKMARK [3][-]{subsubsection.2.2.5}{Task 5: Reference Point Comparisons \(Laurie, C\363il\355n\)}{subsection.2.2}% 9
\BOOKMARK [3][-]{subsubsection.2.2.6}{Task 6: Liaison with Marine Institute \(C\363il\355n, Laurie, Laurie\)}{subsection.2.2}% 10
\BOOKMARK [3][-]{subsubsection.2.2.7}{Task 7: Linkage with other Projects \(C\363il\355n\)}{subsection.2.2}% 11
\BOOKMARK [2][-]{subsection.2.3}{Project Management and Milestones}{section.2}% 12
\BOOKMARK [3][-]{subsubsection.2.3.1}{Task Summary}{subsection.2.3}% 13
\BOOKMARK [2][-]{subsection.2.4}{Outputs}{section.2}% 14
\BOOKMARK [2][-]{subsection.2.5}{Deliverables}{section.2}% 15
\BOOKMARK [1][-]{section.3}{Tables}{}% 16
\BOOKMARK [1][-]{section.4}{Appendices}{}% 17
\BOOKMARK [1][-]{section.5}{Appendix 1: Peer Review Papers}{}% 18
\BOOKMARK [2][-]{subsubsection.5.0.1}{Linking the performance of a data-limited empirical catch rule to life-history traits}{section.5}% 19
\BOOKMARK [3][-]{subsubsection.5.0.2}{Performance of length-based data-limited methods in a multi-fleet context}{subsubsection.5.0.1}% 20
\BOOKMARK [3][-]{subsubsection.5.0.3}{ROC}{subsubsection.5.0.1}% 21
\BOOKMARK [3][-]{subsubsection.5.0.4}{Pareto}{subsubsection.5.0.1}% 22
\BOOKMARK [3][-]{subsubsection.5.0.5}{FLife}{subsubsection.5.0.1}% 23
